2025-11-17 18:40:42 - oracle_exporter - INFO - Конфигурация:
2025-11-17 18:40:42 - oracle_exporter - INFO - 
2025-11-17 18:40:42 - oracle_exporter - INFO - ==================================================
2025-11-17 18:40:42 - oracle_exporter - INFO - КОНФИГУРАЦИЯ ПРИЛОЖЕНИЯ
2025-11-17 18:40:42 - oracle_exporter - INFO - ==================================================
2025-11-17 18:40:42 - oracle_exporter - INFO - 
2025-11-17 18:40:42 - oracle_exporter - INFO - База данных:
2025-11-17 18:40:42 - oracle_exporter - INFO - ------------------------------
2025-11-17 18:40:42 - oracle_exporter - INFO -   ORACLE_USER................... не задано
2025-11-17 18:40:42 - oracle_exporter - INFO -   ORACLE_PASSWORD............... не задано
2025-11-17 18:40:42 - oracle_exporter - INFO -   ORACLE_DSN.................... не задано
2025-11-17 18:40:42 - oracle_exporter - INFO - 
2025-11-17 18:40:42 - oracle_exporter - INFO - Connection Pool:
2025-11-17 18:40:42 - oracle_exporter - INFO - ------------------------------
2025-11-17 18:40:42 - oracle_exporter - INFO -   POOL_MIN...................... не задано
2025-11-17 18:40:42 - oracle_exporter - INFO -   POOL_MAX...................... не задано
2025-11-17 18:40:42 - oracle_exporter - INFO -   POOL_INCREMENT................ не задано
2025-11-17 18:40:42 - oracle_exporter - INFO - 
2025-11-17 18:40:42 - oracle_exporter - INFO - Параметры запросов:
2025-11-17 18:40:42 - oracle_exporter - INFO - ------------------------------
2025-11-17 18:40:42 - oracle_exporter - INFO -   FETCH_ARRAY_SIZE.............. 1000
2025-11-17 18:40:42 - oracle_exporter - INFO -   CHUNK_SIZE.................... 5000
2025-11-17 18:40:42 - oracle_exporter - INFO -   QUERY_TIMEOUT................. 300
2025-11-17 18:40:42 - oracle_exporter - INFO - 
2025-11-17 18:40:42 - oracle_exporter - INFO - Параметры Excel:
2025-11-17 18:40:42 - oracle_exporter - INFO - ------------------------------
2025-11-17 18:40:42 - oracle_exporter - INFO -   MAX_COLUMN_WIDTH.............. 50
2025-11-17 18:40:42 - oracle_exporter - INFO -   COLUMN_WIDTH_SAMPLE_SIZE...... не задано
2025-11-17 18:40:42 - oracle_exporter - INFO - 
2025-11-17 18:40:42 - oracle_exporter - INFO - Прочее:
2025-11-17 18:40:42 - oracle_exporter - INFO - ------------------------------
2025-11-17 18:40:42 - oracle_exporter - INFO -   LOG_LEVEL..................... INFO
2025-11-17 18:40:42 - oracle_exporter - INFO -   OUTPUT_DIR.................... ./exports
2025-11-17 18:40:42 - oracle_exporter - INFO - 
2025-11-17 18:40:42 - oracle_exporter - INFO - ==================================================
2025-11-17 18:40:42 - oracle_exporter - INFO - 
2025-11-17 18:48:10 - oracle_exporter - INFO - Конфигурация:
2025-11-17 18:48:10 - oracle_exporter - INFO - 
2025-11-17 18:48:10 - oracle_exporter - INFO - ==================================================
2025-11-17 18:48:10 - oracle_exporter - INFO - КОНФИГУРАЦИЯ ПРИЛОЖЕНИЯ
2025-11-17 18:48:10 - oracle_exporter - INFO - ==================================================
2025-11-17 18:48:10 - oracle_exporter - INFO - 
2025-11-17 18:48:10 - oracle_exporter - INFO - База данных:
2025-11-17 18:48:10 - oracle_exporter - INFO - ------------------------------
2025-11-17 18:48:10 - oracle_exporter - INFO -   DB_CONNECT_URI................ sqlite:///lice.sqlite3
2025-11-17 18:48:10 - oracle_exporter - INFO - 
2025-11-17 18:48:10 - oracle_exporter - INFO - Параметры запросов:
2025-11-17 18:48:10 - oracle_exporter - INFO - ------------------------------
2025-11-17 18:48:10 - oracle_exporter - INFO -   FETCH_ARRAY_SIZE.............. 1000
2025-11-17 18:48:10 - oracle_exporter - INFO -   CHUNK_SIZE.................... 5000
2025-11-17 18:48:10 - oracle_exporter - INFO -   QUERY_TIMEOUT................. 300
2025-11-17 18:48:10 - oracle_exporter - INFO - 
2025-11-17 18:48:10 - oracle_exporter - INFO - Параметры Excel:
2025-11-17 18:48:10 - oracle_exporter - INFO - ------------------------------
2025-11-17 18:48:10 - oracle_exporter - INFO -   MAX_COLUMN_WIDTH.............. 50
2025-11-17 18:48:10 - oracle_exporter - INFO -   COLUMN_WIDTH_SAMPLE_SIZE...... не задано
2025-11-17 18:48:10 - oracle_exporter - INFO - 
2025-11-17 18:48:10 - oracle_exporter - INFO - Параметры:
2025-11-17 18:48:10 - oracle_exporter - INFO - ------------------------------
2025-11-17 18:48:10 - oracle_exporter - INFO -   ENABLE_BATCH_PROCESSING....... 1
2025-11-17 18:48:10 - oracle_exporter - INFO -   BATCH_SIZE.................... 50000
2025-11-17 18:48:10 - oracle_exporter - INFO - 
2025-11-17 18:48:10 - oracle_exporter - INFO - Прочее:
2025-11-17 18:48:10 - oracle_exporter - INFO - ------------------------------
2025-11-17 18:48:10 - oracle_exporter - INFO -   LOG_LEVEL..................... INFO
2025-11-17 18:48:10 - oracle_exporter - INFO -   LOG_FILE...................... ./logs/oracle_export.log
2025-11-17 18:48:10 - oracle_exporter - INFO -   OUTPUT_DIR.................... ./exports
2025-11-17 18:48:10 - oracle_exporter - INFO -   SHOW_PROGRESS_BAR............. 1
2025-11-17 18:48:10 - oracle_exporter - INFO -   PROGRESS_UPDATE_INTERVAL...... 100
2025-11-17 18:48:10 - oracle_exporter - INFO - 
2025-11-17 18:48:10 - oracle_exporter - INFO - ==================================================
2025-11-17 18:48:10 - oracle_exporter - INFO - 
